Arguments: 
  C:\nodejs\node.exe C:\Users\honti\AppData\Roaming\npm\node_modules\yarn\bin\yarn.js add -D tslint tslint-config-prettier typescript @type/ws ts-node nodemon

PATH: 
  C:\Windows\system32;C:\Windows;C:\Windows\System32\Wbem;C:\Windows\System32\WindowsPowerShell\v1.0\;C:\Windows\System32\OpenSSH\;C:\Program Files (x86)\NVIDIA Corporation\PhysX\Common;C:\Program Files (x86)\Intel\Intel(R) Management Engine Components\DAL;C:\Program Files\Intel\Intel(R) Management Engine Components\DAL;C:\Program Files\Intel\WiFi\bin\;C:\Program Files\Common Files\Intel\WirelessCommon\;C:\Program Files\NVIDIA Corporation\NVIDIA NvDLISR;C:\Program Files\dotnet\;C:\Apm\Maria DB\bin;C:\Apm\Apache24\bin;C:\nodejs\;C:\Users\honti\Desktop\nodejs;C:\Git\cmd;C:\tuto\flutter\bin;C:\MongoDB\bin;C:\Users\honti\AppData\Local\Microsoft\WindowsApps;C:\Program Files\Bandizip\;C:\Program Files\Intel\WiFi\bin\;C:\Program Files\Common Files\Intel\WirelessCommon\;C:\Users\honti\AppData\Roaming\npm;C:\Users\honti\AppData\Local\Programs\Microsoft VS Code\bin;C:\tuto\flutter\bin

Yarn version: 
  1.17.3

Node version: 
  10.16.3

Platform: 
  win32 x64

Trace: 
  Error: https://registry.yarnpkg.com/@type%2fws: Not found
      at Request.params.callback [as _callback] (C:\Users\honti\AppData\Roaming\npm\node_modules\yarn\lib\cli.js:66830:18)
      at Request.self.callback (C:\Users\honti\AppData\Roaming\npm\node_modules\yarn\lib\cli.js:140464:22)
      at Request.emit (events.js:198:13)
      at Request.<anonymous> (C:\Users\honti\AppData\Roaming\npm\node_modules\yarn\lib\cli.js:141436:10)
      at Request.emit (events.js:198:13)
      at IncomingMessage.<anonymous> (C:\Users\honti\AppData\Roaming\npm\node_modules\yarn\lib\cli.js:141358:12)
      at Object.onceWrapper (events.js:286:20)
      at IncomingMessage.emit (events.js:203:15)
      at endReadableNT (_stream_readable.js:1145:12)
      at process._tickCallback (internal/process/next_tick.js:63:19)

npm manifest: 
  {
    "name": "gql2",
    "version": "1.0.0",
    "description": "gql2",
    "main": "index.js",
    "scripts": {
      "start": "nodemon --exec ts-node src/index.ts"
    },
    "repository": "https://github.com/hontips/gql2.git",
    "author": "hontips<hontips0023@gmail.com>",
    "license": "MIT"
  }

yarn manifest: 
  No manifest

Lockfile: 
  No lockfile
